<?xml version="1.0" encoding="UTF-8"?>
<robot generator="Robot 5.0.1 (Python 3.10.5 on win32)" generated="20220620 11:59:14.978" rpa="false" schemaversion="3">
<suite id="s1" name="testCases" source="C:\Users\Vivek\PycharmProjects\DemoProject\testCases">
<suite id="s1-s1" name="TC 1" source="C:\Users\Vivek\PycharmProjects\DemoProject\testCases\TC_1.robot">
<test id="s1-s1-t1" name="Valid credentials" line="16">
<kw name="Opening Browser" type="SETUP">
<kw name="Create Webdriver" library="SeleniumLibrary">
<arg>Chrome</arg>
<arg>executable_path=/Users/Vivek/Documents/chromedriver</arg>
<doc>Creates an instance of Selenium WebDriver.</doc>
<msg timestamp="20220620 11:59:15.524" level="INFO">Creating an instance of the Chrome WebDriver.</msg>
<status status="PASS" starttime="20220620 11:59:15.524" endtime="20220620 11:59:19.863"/>
</kw>
<kw name="Go To" library="SeleniumLibrary">
<arg>${url}</arg>
<doc>Navigates the current browser window to the provided ``url``.</doc>
<msg timestamp="20220620 11:59:19.864" level="INFO">Opening url 'https://www.nopcommerce.com/en'</msg>
<status status="PASS" starttime="20220620 11:59:19.863" endtime="20220620 11:59:29.842"/>
</kw>
<kw name="Maximize Browser Window" library="SeleniumLibrary">
<doc>Maximizes current browser window.</doc>
<status status="PASS" starttime="20220620 11:59:29.843" endtime="20220620 11:59:30.285"/>
</kw>
<status status="PASS" starttime="20220620 11:59:15.523" endtime="20220620 11:59:30.286"/>
</kw>
<kw name="LoginTest">
<arg>vivekvbk</arg>
<arg>12345678vk</arg>
<arg>https://www.nopcommerce.com/en</arg>
<kw name="Mouse Over" library="SeleniumLibrary">
<arg>(//*[name()='svg'])[2]</arg>
<doc>Simulates hovering the mouse over the element ``locator``.</doc>
<msg timestamp="20220620 11:59:30.290" level="INFO">Simulating Mouse Over on element '(//*[name()='svg'])[2]'.</msg>
<status status="PASS" starttime="20220620 11:59:30.288" endtime="20220620 11:59:30.938"/>
</kw>
<kw name="Click Element" library="SeleniumLibrary">
<arg>//span[normalize-space()='Log in']</arg>
<doc>Click the element identified by ``locator``.</doc>
<msg timestamp="20220620 11:59:30.939" level="INFO">Clicking element '//span[normalize-space()='Log in']'.</msg>
<status status="PASS" starttime="20220620 11:59:30.939" endtime="20220620 11:59:50.198"/>
</kw>
<kw name="Input Text" library="SeleniumLibrary">
<arg>id:Username</arg>
<arg>${username}</arg>
<doc>Types the given ``text`` into the text field identified by ``locator``.</doc>
<msg timestamp="20220620 11:59:50.201" level="INFO">Typing text 'vivekvbk' into text field 'id:Username'.</msg>
<status status="PASS" starttime="20220620 11:59:50.200" endtime="20220620 11:59:50.421"/>
</kw>
<kw name="Input Password" library="SeleniumLibrary">
<arg>id:Password</arg>
<arg>${password}</arg>
<doc>Types the given password into the text field identified by ``locator``.</doc>
<msg timestamp="20220620 11:59:50.423" level="INFO">Typing password into text field 'id:Password'.</msg>
<msg timestamp="20220620 11:59:50.518" level="INFO">Temporally setting log level to: NONE</msg>
<msg timestamp="20220620 11:59:50.709" level="INFO">Log level changed from NONE to INFO.</msg>
<status status="PASS" starttime="20220620 11:59:50.421" endtime="20220620 11:59:50.710"/>
</kw>
<kw name="Click Button" library="SeleniumLibrary">
<arg>//input[@value='Log in']</arg>
<doc>Clicks the button identified by ``locator``.</doc>
<msg timestamp="20220620 11:59:50.711" level="INFO">Clicking button '//input[@value='Log in']'.</msg>
<status status="PASS" starttime="20220620 11:59:50.710" endtime="20220620 11:59:55.456"/>
</kw>
<kw name="Sleep" library="BuiltIn">
<arg>2s</arg>
<doc>Pauses the test executed for the given time.</doc>
<msg timestamp="20220620 11:59:57.465" level="INFO">Slept 2 seconds</msg>
<status status="PASS" starttime="20220620 11:59:55.456" endtime="20220620 11:59:57.466"/>
</kw>
<kw name="Get Location" library="SeleniumLibrary">
<var>${currentpageUrl}</var>
<doc>Returns the current browser window URL.</doc>
<msg timestamp="20220620 11:59:57.830" level="INFO">${currentpageUrl} = https://www.nopcommerce.com/en</msg>
<status status="PASS" starttime="20220620 11:59:57.468" endtime="20220620 11:59:57.830"/>
</kw>
<kw name="Log To Console" library="BuiltIn">
<arg>${currentpageUrl}</arg>
<doc>Logs the given message to the console.</doc>
<status status="PASS" starttime="20220620 11:59:57.831" endtime="20220620 11:59:57.832"/>
</kw>
<kw name="Location Should Be" library="SeleniumLibrary">
<arg>${currentUrl}</arg>
<doc>Verifies that the current URL is exactly ``url``.</doc>
<msg timestamp="20220620 11:59:57.925" level="INFO">Current location is 'https://www.nopcommerce.com/en'.</msg>
<status status="PASS" starttime="20220620 11:59:57.833" endtime="20220620 11:59:57.925"/>
</kw>
<status status="PASS" starttime="20220620 11:59:30.286" endtime="20220620 11:59:57.926"/>
</kw>
<kw name="Close Browser" library="SeleniumLibrary" type="TEARDOWN">
<doc>Closes the current browser.</doc>
<status status="PASS" starttime="20220620 11:59:57.927" endtime="20220620 12:00:01.132"/>
</kw>
<status status="PASS" starttime="20220620 11:59:15.522" endtime="20220620 12:00:01.133"/>
</test>
<test id="s1-s1-t2" name="Invalid credentials" line="17">
<kw name="Opening Browser" type="SETUP">
<kw name="Create Webdriver" library="SeleniumLibrary">
<arg>Chrome</arg>
<arg>executable_path=/Users/Vivek/Documents/chromedriver</arg>
<doc>Creates an instance of Selenium WebDriver.</doc>
<msg timestamp="20220620 12:00:01.157" level="INFO">Creating an instance of the Chrome WebDriver.</msg>
<status status="PASS" starttime="20220620 12:00:01.155" endtime="20220620 12:00:03.449"/>
</kw>
<kw name="Go To" library="SeleniumLibrary">
<arg>${url}</arg>
<doc>Navigates the current browser window to the provided ``url``.</doc>
<msg timestamp="20220620 12:00:03.450" level="INFO">Opening url 'https://www.nopcommerce.com/en'</msg>
<status status="PASS" starttime="20220620 12:00:03.450" endtime="20220620 12:00:08.613"/>
</kw>
<kw name="Maximize Browser Window" library="SeleniumLibrary">
<doc>Maximizes current browser window.</doc>
<status status="PASS" starttime="20220620 12:00:08.614" endtime="20220620 12:00:09.295"/>
</kw>
<status status="PASS" starttime="20220620 12:00:01.154" endtime="20220620 12:00:09.296"/>
</kw>
<kw name="LoginTest">
<arg>uio</arg>
<arg>fhsdjsKl</arg>
<arg>https://www.nopcommerce.com/en/login?returnurl=%2Fen</arg>
<kw name="Mouse Over" library="SeleniumLibrary">
<arg>(//*[name()='svg'])[2]</arg>
<doc>Simulates hovering the mouse over the element ``locator``.</doc>
<msg timestamp="20220620 12:00:09.301" level="INFO">Simulating Mouse Over on element '(//*[name()='svg'])[2]'.</msg>
<status status="PASS" starttime="20220620 12:00:09.299" endtime="20220620 12:00:09.672"/>
</kw>
<kw name="Click Element" library="SeleniumLibrary">
<arg>//span[normalize-space()='Log in']</arg>
<doc>Click the element identified by ``locator``.</doc>
<msg timestamp="20220620 12:00:09.675" level="INFO">Clicking element '//span[normalize-space()='Log in']'.</msg>
<status status="PASS" starttime="20220620 12:00:09.673" endtime="20220620 12:00:11.785"/>
</kw>
<kw name="Input Text" library="SeleniumLibrary">
<arg>id:Username</arg>
<arg>${username}</arg>
<doc>Types the given ``text`` into the text field identified by ``locator``.</doc>
<msg timestamp="20220620 12:00:11.788" level="INFO">Typing text 'uio' into text field 'id:Username'.</msg>
<status status="PASS" starttime="20220620 12:00:11.786" endtime="20220620 12:00:11.945"/>
</kw>
<kw name="Input Password" library="SeleniumLibrary">
<arg>id:Password</arg>
<arg>${password}</arg>
<doc>Types the given password into the text field identified by ``locator``.</doc>
<msg timestamp="20220620 12:00:11.946" level="INFO">Typing password into text field 'id:Password'.</msg>
<msg timestamp="20220620 12:00:12.018" level="INFO">Temporally setting log level to: NONE</msg>
<msg timestamp="20220620 12:00:12.145" level="INFO">Log level changed from NONE to INFO.</msg>
<status status="PASS" starttime="20220620 12:00:11.945" endtime="20220620 12:00:12.145"/>
</kw>
<kw name="Click Button" library="SeleniumLibrary">
<arg>//input[@value='Log in']</arg>
<doc>Clicks the button identified by ``locator``.</doc>
<msg timestamp="20220620 12:00:12.148" level="INFO">Clicking button '//input[@value='Log in']'.</msg>
<status status="PASS" starttime="20220620 12:00:12.146" endtime="20220620 12:00:14.047"/>
</kw>
<kw name="Sleep" library="BuiltIn">
<arg>2s</arg>
<doc>Pauses the test executed for the given time.</doc>
<msg timestamp="20220620 12:00:16.057" level="INFO">Slept 2 seconds</msg>
<status status="PASS" starttime="20220620 12:00:14.047" endtime="20220620 12:00:16.057"/>
</kw>
<kw name="Get Location" library="SeleniumLibrary">
<var>${currentpageUrl}</var>
<doc>Returns the current browser window URL.</doc>
<msg timestamp="20220620 12:00:16.064" level="INFO">${currentpageUrl} = https://www.nopcommerce.com/en/login?returnurl=%2Fen</msg>
<status status="PASS" starttime="20220620 12:00:16.058" endtime="20220620 12:00:16.064"/>
</kw>
<kw name="Log To Console" library="BuiltIn">
<arg>${currentpageUrl}</arg>
<doc>Logs the given message to the console.</doc>
<status status="PASS" starttime="20220620 12:00:16.065" endtime="20220620 12:00:16.066"/>
</kw>
<kw name="Location Should Be" library="SeleniumLibrary">
<arg>${currentUrl}</arg>
<doc>Verifies that the current URL is exactly ``url``.</doc>
<msg timestamp="20220620 12:00:16.070" level="INFO">Current location is 'https://www.nopcommerce.com/en/login?returnurl=%2Fen'.</msg>
<status status="PASS" starttime="20220620 12:00:16.066" endtime="20220620 12:00:16.071"/>
</kw>
<status status="PASS" starttime="20220620 12:00:09.297" endtime="20220620 12:00:16.071"/>
</kw>
<kw name="Close Browser" library="SeleniumLibrary" type="TEARDOWN">
<doc>Closes the current browser.</doc>
<status status="PASS" starttime="20220620 12:00:16.072" endtime="20220620 12:00:19.228"/>
</kw>
<status status="PASS" starttime="20220620 12:00:01.135" endtime="20220620 12:00:19.229"/>
</test>
<status status="PASS" starttime="20220620 11:59:15.043" endtime="20220620 12:00:19.231"/>
</suite>
<status status="PASS" starttime="20220620 11:59:14.999" endtime="20220620 12:00:19.235"/>
</suite>
<statistics>
<total>
<stat pass="2" fail="0" skip="0">All Tests</stat>
</total>
<tag>
</tag>
<suite>
<stat pass="2" fail="0" skip="0" id="s1" name="testCases">testCases</stat>
<stat pass="2" fail="0" skip="0" id="s1-s1" name="TC 1">testCases.TC 1</stat>
</suite>
</statistics>
<errors>
<msg timestamp="20220620 11:59:15.520" level="ERROR">Error in file 'C:\Users\Vivek\PycharmProjects\DemoProject\testCases\TC_1.robot' on line 6: Resource file '..\resources\wait.py' does not exist.</msg>
</errors>
</robot>
