<?xml version="1.0" encoding="UTF-8"?>
<robot generator="Robot 5.0.1 (Python 3.10.5 on win32)" generated="20220620 11:59:14.978" rpa="false" schemaversion="3">
<suite id="s1" name="testCases" source="C:\Users\Vivek\PycharmProjects\DemoProject\testCases">
<suite id="s1-s1" name="TC 2" source="C:\Users\Vivek\PycharmProjects\DemoProject\testCases\TC_2.robot">
<test id="s1-s1-t1" name="Invalid username" line="15">
<kw name="Opening Browser" type="SETUP">
<kw name="Create Webdriver" library="SeleniumLibrary">
<arg>Chrome</arg>
<arg>executable_path=/Users/Vivek/Documents/chromedriver</arg>
<doc>Creates an instance of Selenium WebDriver.</doc>
<msg timestamp="20220620 11:59:15.631" level="INFO">Creating an instance of the Chrome WebDriver.</msg>
<status status="PASS" starttime="20220620 11:59:15.630" endtime="20220620 11:59:19.845"/>
</kw>
<kw name="Go To" library="SeleniumLibrary">
<arg>${url}</arg>
<doc>Navigates the current browser window to the provided ``url``.</doc>
<msg timestamp="20220620 11:59:19.847" level="INFO">Opening url 'https://www.nopcommerce.com/en'</msg>
<status status="PASS" starttime="20220620 11:59:19.845" endtime="20220620 11:59:29.620"/>
</kw>
<kw name="Maximize Browser Window" library="SeleniumLibrary">
<doc>Maximizes current browser window.</doc>
<status status="PASS" starttime="20220620 11:59:29.621" endtime="20220620 11:59:29.998"/>
</kw>
<status status="PASS" starttime="20220620 11:59:15.629" endtime="20220620 11:59:30.000"/>
</kw>
<kw name="LoginTest">
<arg>xlsdata</arg>
<arg>learning</arg>
<kw name="Mouse Over" library="SeleniumLibrary">
<arg>(//*[name()='svg'])[2]</arg>
<doc>Simulates hovering the mouse over the element ``locator``.</doc>
<msg timestamp="20220620 11:59:30.007" level="INFO">Simulating Mouse Over on element '(//*[name()='svg'])[2]'.</msg>
<status status="PASS" starttime="20220620 11:59:30.005" endtime="20220620 11:59:30.893"/>
</kw>
<kw name="Click Element" library="SeleniumLibrary">
<arg>//span[normalize-space()='Log in']</arg>
<doc>Click the element identified by ``locator``.</doc>
<msg timestamp="20220620 11:59:30.894" level="INFO">Clicking element '//span[normalize-space()='Log in']'.</msg>
<status status="PASS" starttime="20220620 11:59:30.893" endtime="20220620 11:59:48.739"/>
</kw>
<kw name="Input Text" library="SeleniumLibrary">
<arg>id:Username</arg>
<arg>${username}</arg>
<doc>Types the given ``text`` into the text field identified by ``locator``.</doc>
<msg timestamp="20220620 11:59:48.741" level="INFO">Typing text 'xlsdata' into text field 'id:Username'.</msg>
<status status="PASS" starttime="20220620 11:59:48.739" endtime="20220620 11:59:49.264"/>
</kw>
<kw name="Input Password" library="SeleniumLibrary">
<arg>id:Password</arg>
<arg>${password}</arg>
<doc>Types the given password into the text field identified by ``locator``.</doc>
<msg timestamp="20220620 11:59:49.266" level="INFO">Typing password into text field 'id:Password'.</msg>
<msg timestamp="20220620 11:59:49.347" level="INFO">Temporally setting log level to: NONE</msg>
<msg timestamp="20220620 11:59:49.464" level="INFO">Log level changed from NONE to INFO.</msg>
<status status="PASS" starttime="20220620 11:59:49.265" endtime="20220620 11:59:49.464"/>
</kw>
<kw name="Click Button" library="SeleniumLibrary">
<arg>//input[@value='Log in']</arg>
<doc>Clicks the button identified by ``locator``.</doc>
<msg timestamp="20220620 11:59:49.466" level="INFO">Clicking button '//input[@value='Log in']'.</msg>
<status status="PASS" starttime="20220620 11:59:49.465" endtime="20220620 11:59:51.945"/>
</kw>
<status status="PASS" starttime="20220620 11:59:30.003" endtime="20220620 11:59:51.946"/>
</kw>
<kw name="Closing the browser" type="TEARDOWN">
<kw name="Close Browser" library="SeleniumLibrary">
<doc>Closes the current browser.</doc>
<status status="PASS" starttime="20220620 11:59:51.949" endtime="20220620 11:59:55.284"/>
</kw>
<status status="PASS" starttime="20220620 11:59:51.947" endtime="20220620 11:59:55.285"/>
</kw>
<status status="PASS" starttime="20220620 11:59:15.626" endtime="20220620 11:59:55.285"/>
</test>
<test id="s1-s1-t2" name="Invalid password" line="15">
<kw name="Opening Browser" type="SETUP">
<kw name="Create Webdriver" library="SeleniumLibrary">
<arg>Chrome</arg>
<arg>executable_path=/Users/Vivek/Documents/chromedriver</arg>
<doc>Creates an instance of Selenium WebDriver.</doc>
<msg timestamp="20220620 11:59:55.294" level="INFO">Creating an instance of the Chrome WebDriver.</msg>
<status status="PASS" starttime="20220620 11:59:55.293" endtime="20220620 11:59:58.608"/>
</kw>
<kw name="Go To" library="SeleniumLibrary">
<arg>${url}</arg>
<doc>Navigates the current browser window to the provided ``url``.</doc>
<msg timestamp="20220620 11:59:58.609" level="INFO">Opening url 'https://www.nopcommerce.com/en'</msg>
<status status="PASS" starttime="20220620 11:59:58.608" endtime="20220620 12:00:20.711"/>
</kw>
<kw name="Maximize Browser Window" library="SeleniumLibrary">
<doc>Maximizes current browser window.</doc>
<status status="PASS" starttime="20220620 12:00:20.712" endtime="20220620 12:00:20.861"/>
</kw>
<status status="PASS" starttime="20220620 11:59:55.291" endtime="20220620 12:00:20.862"/>
</kw>
<kw name="LoginTest">
<arg>Vivek123</arg>
<arg>robotxyz</arg>
<kw name="Mouse Over" library="SeleniumLibrary">
<arg>(//*[name()='svg'])[2]</arg>
<doc>Simulates hovering the mouse over the element ``locator``.</doc>
<msg timestamp="20220620 12:00:20.864" level="INFO">Simulating Mouse Over on element '(//*[name()='svg'])[2]'.</msg>
<status status="PASS" starttime="20220620 12:00:20.863" endtime="20220620 12:00:21.215"/>
</kw>
<kw name="Click Element" library="SeleniumLibrary">
<arg>//span[normalize-space()='Log in']</arg>
<doc>Click the element identified by ``locator``.</doc>
<msg timestamp="20220620 12:00:21.217" level="INFO">Clicking element '//span[normalize-space()='Log in']'.</msg>
<status status="PASS" starttime="20220620 12:00:21.216" endtime="20220620 12:00:23.637"/>
</kw>
<kw name="Input Text" library="SeleniumLibrary">
<arg>id:Username</arg>
<arg>${username}</arg>
<doc>Types the given ``text`` into the text field identified by ``locator``.</doc>
<msg timestamp="20220620 12:00:23.640" level="INFO">Typing text 'Vivek123' into text field 'id:Username'.</msg>
<status status="PASS" starttime="20220620 12:00:23.639" endtime="20220620 12:00:23.820"/>
</kw>
<kw name="Input Password" library="SeleniumLibrary">
<arg>id:Password</arg>
<arg>${password}</arg>
<doc>Types the given password into the text field identified by ``locator``.</doc>
<msg timestamp="20220620 12:00:23.822" level="INFO">Typing password into text field 'id:Password'.</msg>
<msg timestamp="20220620 12:00:23.884" level="INFO">Temporally setting log level to: NONE</msg>
<msg timestamp="20220620 12:00:23.977" level="INFO">Log level changed from NONE to INFO.</msg>
<status status="PASS" starttime="20220620 12:00:23.820" endtime="20220620 12:00:23.977"/>
</kw>
<kw name="Click Button" library="SeleniumLibrary">
<arg>//input[@value='Log in']</arg>
<doc>Clicks the button identified by ``locator``.</doc>
<msg timestamp="20220620 12:00:23.978" level="INFO">Clicking button '//input[@value='Log in']'.</msg>
<status status="PASS" starttime="20220620 12:00:23.977" endtime="20220620 12:00:26.620"/>
</kw>
<status status="PASS" starttime="20220620 12:00:20.862" endtime="20220620 12:00:26.622"/>
</kw>
<kw name="Closing the browser" type="TEARDOWN">
<kw name="Close Browser" library="SeleniumLibrary">
<doc>Closes the current browser.</doc>
<status status="PASS" starttime="20220620 12:00:26.625" endtime="20220620 12:00:28.945"/>
</kw>
<status status="PASS" starttime="20220620 12:00:26.623" endtime="20220620 12:00:28.946"/>
</kw>
<status status="PASS" starttime="20220620 11:59:55.287" endtime="20220620 12:00:28.946"/>
</test>
<status status="PASS" starttime="20220620 11:59:15.045" endtime="20220620 12:00:28.947"/>
</suite>
<status status="PASS" starttime="20220620 11:59:14.999" endtime="20220620 12:00:28.950"/>
</suite>
<statistics>
<total>
<stat pass="2" fail="0" skip="0">All Tests</stat>
</total>
<tag>
</tag>
<suite>
<stat pass="2" fail="0" skip="0" id="s1" name="testCases">testCases</stat>
<stat pass="2" fail="0" skip="0" id="s1-s1" name="TC 2">testCases.TC 2</stat>
</suite>
</statistics>
<errors>
</errors>
</robot>
